2022-10-20 12:17:37,975 ERROR Internal Server Error: /posts/ /Users/den.sazonenko/pythonProject/portal/venv/lib/python3.9/site-packages/django/utils/log.py, (<class 'django.template.exceptions.TemplateSyntaxError'>, TemplateSyntaxError("Invalid filter: 'censor'"), <traceback object at 0x10754dd40>)
Traceback (most recent call last):
  File "/Users/den.sazonenko/pythonProject/portal/venv/lib/python3.9/site-packages/django/core/handlers/exception.py", line 55, in inner
    response = get_response(request)
  File "/Users/den.sazonenko/pythonProject/portal/venv/lib/python3.9/site-packages/django/core/handlers/base.py", line 220, in _get_response
    response = response.render()
  File "/Users/den.sazonenko/pythonProject/portal/venv/lib/python3.9/site-packages/django/template/response.py", line 114, in render
    self.content = self.rendered_content
  File "/Users/den.sazonenko/pythonProject/portal/venv/lib/python3.9/site-packages/django/template/response.py", line 90, in rendered_content
    template = self.resolve_template(self.template_name)
  File "/Users/den.sazonenko/pythonProject/portal/venv/lib/python3.9/site-packages/django/template/response.py", line 72, in resolve_template
    return select_template(template, using=self.using)
  File "/Users/den.sazonenko/pythonProject/portal/venv/lib/python3.9/site-packages/django/template/loader.py", line 42, in select_template
    return engine.get_template(template_name)
  File "/Users/den.sazonenko/pythonProject/portal/venv/lib/python3.9/site-packages/django/template/backends/django.py", line 34, in get_template
    return Template(self.engine.get_template(template_name), self)
  File "/Users/den.sazonenko/pythonProject/portal/venv/lib/python3.9/site-packages/django/template/engine.py", line 176, in get_template
    template, origin = self.find_template(template_name)
  File "/Users/den.sazonenko/pythonProject/portal/venv/lib/python3.9/site-packages/django/template/engine.py", line 158, in find_template
    template = loader.get_template(name, skip=skip)
  File "/Users/den.sazonenko/pythonProject/portal/venv/lib/python3.9/site-packages/django/template/loaders/base.py", line 28, in get_template
    return Template(
  File "/Users/den.sazonenko/pythonProject/portal/venv/lib/python3.9/site-packages/django/template/base.py", line 154, in __init__
    self.nodelist = self.compile_nodelist()
  File "/Users/den.sazonenko/pythonProject/portal/venv/lib/python3.9/site-packages/django/template/base.py", line 200, in compile_nodelist
    return parser.parse()
  File "/Users/den.sazonenko/pythonProject/portal/venv/lib/python3.9/site-packages/django/template/base.py", line 513, in parse
    raise self.error(token, e)
  File "/Users/den.sazonenko/pythonProject/portal/venv/lib/python3.9/site-packages/django/template/base.py", line 511, in parse
    compiled_result = compile_func(self, token)
  File "/Users/den.sazonenko/pythonProject/portal/venv/lib/python3.9/site-packages/django/template/loader_tags.py", line 293, in do_extends
    nodelist = parser.parse()
  File "/Users/den.sazonenko/pythonProject/portal/venv/lib/python3.9/site-packages/django/template/base.py", line 513, in parse
    raise self.error(token, e)
  File "/Users/den.sazonenko/pythonProject/portal/venv/lib/python3.9/site-packages/django/template/base.py", line 511, in parse
    compiled_result = compile_func(self, token)
  File "/Users/den.sazonenko/pythonProject/portal/venv/lib/python3.9/site-packages/django/template/loader_tags.py", line 232, in do_block
    nodelist = parser.parse(("endblock",))
  File "/Users/den.sazonenko/pythonProject/portal/venv/lib/python3.9/site-packages/django/template/base.py", line 513, in parse
    raise self.error(token, e)
  File "/Users/den.sazonenko/pythonProject/portal/venv/lib/python3.9/site-packages/django/template/base.py", line 511, in parse
    compiled_result = compile_func(self, token)
  File "/Users/den.sazonenko/pythonProject/portal/venv/lib/python3.9/site-packages/django/template/defaulttags.py", line 954, in do_if
    nodelist = parser.parse(("elif", "else", "endif"))
  File "/Users/den.sazonenko/pythonProject/portal/venv/lib/python3.9/site-packages/django/template/base.py", line 513, in parse
    raise self.error(token, e)
  File "/Users/den.sazonenko/pythonProject/portal/venv/lib/python3.9/site-packages/django/template/base.py", line 511, in parse
    compiled_result = compile_func(self, token)
  File "/Users/den.sazonenko/pythonProject/portal/venv/lib/python3.9/site-packages/django/template/defaulttags.py", line 854, in do_for
    nodelist_loop = parser.parse(
  File "/Users/den.sazonenko/pythonProject/portal/venv/lib/python3.9/site-packages/django/template/base.py", line 484, in parse
    raise self.error(token, e)
  File "/Users/den.sazonenko/pythonProject/portal/venv/lib/python3.9/site-packages/django/template/base.py", line 482, in parse
    filter_expression = self.compile_filter(token.contents)
  File "/Users/den.sazonenko/pythonProject/portal/venv/lib/python3.9/site-packages/django/template/base.py", line 600, in compile_filter
    return FilterExpression(token, self)
  File "/Users/den.sazonenko/pythonProject/portal/venv/lib/python3.9/site-packages/django/template/base.py", line 696, in __init__
    filter_func = parser.find_filter(filter_name)
  File "/Users/den.sazonenko/pythonProject/portal/venv/lib/python3.9/site-packages/django/template/base.py", line 606, in find_filter
    raise TemplateSyntaxError("Invalid filter: '%s'" % filter_name)
django.template.exceptions.TemplateSyntaxError: Invalid filter: 'censor'
2022-10-20 12:17:37,985 ERROR "GET /posts/ HTTP/1.1" 500 277323 /Users/den.sazonenko/pythonProject/portal/venv/lib/python3.9/site-packages/django/core/servers/basehttp.py, None
